[35m[Appium][39m Welcome to Appium v1.21.0
[35m[Appium][39m Non-default server args:
[35m[Appium][39m   port: 61292
[35m[Appium][39m   loglevel: info
[35m[Appium][39m   tmpDir: /var/folders/lj/ql0p1bf55ggbmvd0fp2z1t3m0000gn/T//Katalon/Appium/Temp1648469756013
[35m[Appium][39m   chromedriverPort: 61293
[35m[Appium][39m Deprecated server args:
[35m[Appium][39m   [31m--chromedriver-port[39m => --default-capabilities
[35m[Appium][39m Default capabilities, which will be added to each request unless overridden by desired capabilities:
[35m[Appium][39m   chromedriverPort: 61293
[35m[Appium][39m Appium REST http interface listener started on 0.0.0.0:61292
[35m[HTTP][39m [37m-->[39m [37mGET[39m [37m/wd/hub/status[39m
[35m[HTTP][39m [90m{}[39m
[35m[HTTP][39m [37m<-- GET /wd/hub/status [39m[32m200[39m [90m7 ms - 68[39m
[35m[HTTP][39m [90m[39m
[35m[HTTP][39m [37m-->[39m [37mGET[39m [37m/wd/hub/status[39m
[35m[HTTP][39m [90m{}[39m
[35m[HTTP][39m [37m<-- GET /wd/hub/status [39m[32m200[39m [90m1 ms - 68[39m
[35m[HTTP][39m [90m[39m
[35m[HTTP][39m [37m-->[39m [37mPOST[39m [37m/wd/hub/session[39m
[35m[HTTP][39m [90m{"desiredCapabilities":{"appPackage":"com.android.settings","deviceId":"","deviceName":"samsung SM-A115F (Android 10)","platform":"ANDROID","appActivity":".Settings","newCommandTimeout":1800,"platformVersion":"10","automationName":"uiautomator2","autoGrantPermissions":true,"platformName":"Android","udid":"R9RN806V4RM","systemPort":8254},"capabilities":{"firstMatch":[{"appium:appActivity":".Settings","appium:appPackage":"com.android.settings","appium:autoGrantPermissions":true,"appium:automationName":"uiautomator2","deviceId":"","appium:deviceName":"samsung SM-A115F (Android 10)","appium:newCommandTimeout":1800,"platform":"ANDROID","platformName":"android","appium:platformVersion":"10","appium:systemPort":8254,"appium:udid":"R9RN806V4RM"}]}}[39m
[35m[BaseDriver][39m The following capabilities are not standard capabilities and should have an extension prefix:
[35m[BaseDriver][39m   deviceId
[35m[BaseDriver][39m   platform
[35m[BaseDriver][39m   chromedriverPort
[35m[Appium][39m Appium v1.21.0 creating new AndroidUiautomator2Driver (v1.65.0) session
[35m[BaseDriver][39m The following capabilities were provided, but are not recognized by Appium:
[35m[BaseDriver][39m   deviceId
[35m[BaseDriver][39m   platform
[35m[BaseDriver][39m Session created with session id: 9a174664-9033-42f0-b32b-7577493cdc24
[35m[UiAutomator2][39m Starting 'com.android.settings' directly on the device
[35m[ADB][39m Found 1 'build-tools' folders under '/Users/katalon/.katalon/tools/android_sdk' (newest first):
[35m[ADB][39m     /Users/katalon/.katalon/tools/android_sdk/build-tools/29.0.3
[35m[ADB][39m Using 'adb' from '/Users/katalon/.katalon/tools/android_sdk/platform-tools/adb'
[35m[AndroidDriver][39m Retrieving device list
[35m[AndroidDriver][39m Using device: R9RN806V4RM
[35m[ADB][39m Using 'adb' from '/Users/katalon/.katalon/tools/android_sdk/platform-tools/adb'
[35m[ADB][39m Getting device platform version
[35m[UiAutomator2][39m Relaxing hidden api policy
[35m[AndroidDriver][39m No app sent in, not parsing package/activity
[35m[ADB][39m Using 'apksigner.jar' from '/Users/katalon/.katalon/tools/android_sdk/build-tools/29.0.3/lib/apksigner.jar'
[35m[ADB][39m '/usr/local/lib/node_modules/appium/node_modules/appium-uiautomator2-server/apks/appium-uiautomator2-server-v4.21.1.apk' is signed with the default certificate
[35m[ADB][39m '/usr/local/lib/node_modules/appium/node_modules/appium-uiautomator2-server/apks/appium-uiautomator2-server-debug-androidTest.apk' is signed with the default certificate
[35m[UiAutomator2][39m Server packages are not going to be (re)installed
[35m[ADB][39m Adding packages ["io.appium.settings","io.appium.uiautomator2.server","io.appium.uiautomator2.server.test"] to Doze whitelist
[35m[UiAutomator2][39m Starting UIAutomator2 server 4.21.1
[35m[UiAutomator2][39m Using UIAutomator2 server from '/usr/local/lib/node_modules/appium/node_modules/appium-uiautomator2-server/apks/appium-uiautomator2-server-v4.21.1.apk' and test from '/usr/local/lib/node_modules/appium/node_modules/appium-uiautomator2-server/apks/appium-uiautomator2-server-debug-androidTest.apk'
[35m[UiAutomator2][39m Waiting up to 30000ms for UiAutomator2 to be online...
[35m[WD Proxy][39m socket hang up
[35m[WD Proxy][39m socket hang up
[35m[WD Proxy][39m socket hang up
[35m[WD Proxy][39m socket hang up
[35m[WD Proxy][39m socket hang up
[35m[WD Proxy][39m socket hang up
[35m[WD Proxy][39m Determined the downstream protocol as 'W3C'
[35m[AndroidDriver][39m Screen already unlocked, doing nothing
[35m[UiAutomator2][39m Starting 'com.android.settings/.Settings and waiting for 'com.android.settings/.Settings'
[35m[Appium][39m New AndroidUiautomator2Driver session created successfully, session 9a174664-9033-42f0-b32b-7577493cdc24 added to master session list
[35m[HTTP][39m [37m<-- POST /wd/hub/session [39m[32m200[39m [90m10921 ms - 1183[39m
[35m[HTTP][39m [90m[39m
[35m[HTTP][39m [37m-->[39m [37mGET[39m [37m/wd/hub/session/9a174664-9033-42f0-b32b-7577493cdc24[39m
[35m[HTTP][39m [90m{}[39m
[35m[HTTP][39m [37m<-- GET /wd/hub/session/9a174664-9033-42f0-b32b-7577493cdc24 [39m[32m200[39m [90m18 ms - 1137[39m
[35m[HTTP][39m [90m[39m
[35m[HTTP][39m [37m-->[39m [37mGET[39m [37m/wd/hub/session/9a174664-9033-42f0-b32b-7577493cdc24[39m
[35m[HTTP][39m [90m{}[39m
[35m[HTTP][39m [37m<-- GET /wd/hub/session/9a174664-9033-42f0-b32b-7577493cdc24 [39m[32m200[39m [90m16 ms - 1137[39m
[35m[HTTP][39m [90m[39m
[35m[HTTP][39m [37m-->[39m [37mGET[39m [37m/wd/hub/status[39m
[35m[HTTP][39m [90m{}[39m
[35m[HTTP][39m [37m<-- GET /wd/hub/status [39m[32m200[39m [90m1 ms - 68[39m
[35m[HTTP][39m [90m[39m
[35m[HTTP][39m [37m-->[39m [37mPOST[39m [37m/wd/hub/session/9a174664-9033-42f0-b32b-7577493cdc24/timeouts[39m
[35m[HTTP][39m [90m{"implicit":60000}[39m
[35m[HTTP][39m [37m<-- POST /wd/hub/session/9a174664-9033-42f0-b32b-7577493cdc24/timeouts [39m[32m200[39m [90m2 ms - 14[39m
[35m[HTTP][39m [90m[39m
[35m[HTTP][39m [37m-->[39m [37mGET[39m [37m/wd/hub/session/9a174664-9033-42f0-b32b-7577493cdc24/screenshot[39m
[35m[HTTP][39m [90m{}[39m
[35m[HTTP][39m [37m<-- GET /wd/hub/session/9a174664-9033-42f0-b32b-7577493cdc24/screenshot [39m[32m200[39m [90m762 ms - 53364[39m
[35m[HTTP][39m [90m[39m
[35m[HTTP][39m [37m-->[39m [37mGET[39m [37m/wd/hub/session/9a174664-9033-42f0-b32b-7577493cdc24/window/rect[39m
[35m[HTTP][39m [90m{}[39m
[35m[HTTP][39m [37m<-- GET /wd/hub/session/9a174664-9033-42f0-b32b-7577493cdc24/window/rect [39m[32m200[39m [90m25 ms - 49[39m
[35m[HTTP][39m [90m[39m
[35m[HTTP][39m [37m-->[39m [37mGET[39m [37m/wd/hub/session/9a174664-9033-42f0-b32b-7577493cdc24/appium/device/system_bars[39m
[35m[HTTP][39m [90m{}[39m
[35m[HTTP][39m [37m<-- GET /wd/hub/session/9a174664-9033-42f0-b32b-7577493cdc24/appium/device/system_bars [39m[32m200[39m [90m94 ms - 145[39m
[35m[HTTP][39m [90m[39m
[35m[HTTP][39m [37m-->[39m [37mPOST[39m [37m/wd/hub/session/9a174664-9033-42f0-b32b-7577493cdc24/appium/device/activate_app[39m
[35m[HTTP][39m [90m{"bundleId":"com.microsoft.azure"}[39m
[35m[HTTP][39m [37m<-- POST /wd/hub/session/9a174664-9033-42f0-b32b-7577493cdc24/appium/device/activate_app [39m[32m200[39m [90m1227 ms - 14[39m
[35m[HTTP][39m [90m[39m
[35m[HTTP][39m [37m-->[39m [37mGET[39m [37m/wd/hub/session/9a174664-9033-42f0-b32b-7577493cdc24/source[39m
[35m[HTTP][39m [90m{}[39m
[35m[W3C (9a174664)][39m Driver proxy active, passing request on via HTTP proxy
[35m[WD Proxy][39m Replacing sessionId 7a61f2d7-a1f6-47f6-b1e7-eeb1e1d0f2c2 with 9a174664-9033-42f0-b32b-7577493cdc24
[35m[HTTP][39m [37m<-- GET /wd/hub/session/9a174664-9033-42f0-b32b-7577493cdc24/source [39m[32m200[39m [90m8507 ms - 6626[39m
[35m[HTTP][39m [90m[39m
[35m[HTTP][39m [37m-->[39m [37mGET[39m [37m/wd/hub/session/9a174664-9033-42f0-b32b-7577493cdc24/screenshot[39m
[35m[HTTP][39m [90m{}[39m
[35m[HTTP][39m [37m<-- GET /wd/hub/session/9a174664-9033-42f0-b32b-7577493cdc24/screenshot [39m[32m200[39m [90m630 ms - 68148[39m
[35m[HTTP][39m [90m[39m
[35m[HTTP][39m [37m-->[39m [37mPOST[39m [37m/wd/hub/session/9a174664-9033-42f0-b32b-7577493cdc24/elements[39m
[35m[HTTP][39m [90m{"using":"xpath","value":"//*[@class = 'android.widget.Button' and (@text = 'Sign in' or . = 'Sign in') and @resource-id = 'com.microsoft.azure:id/SignInButton']"}[39m
[35m[HTTP][39m [37m<-- POST /wd/hub/session/9a174664-9033-42f0-b32b-7577493cdc24/elements [39m[32m200[39m [90m219 ms - 139[39m
[35m[HTTP][39m [90m[39m
[35m[HTTP][39m [37m-->[39m [37mGET[39m [37m/wd/hub/session/9a174664-9033-42f0-b32b-7577493cdc24/window/rect[39m
[35m[HTTP][39m [90m{}[39m
[35m[HTTP][39m [37m<-- GET /wd/hub/session/9a174664-9033-42f0-b32b-7577493cdc24/window/rect [39m[32m200[39m [90m21 ms - 49[39m
[35m[HTTP][39m [90m[39m
[35m[HTTP][39m [37m-->[39m [37mPOST[39m [37m/wd/hub/session/9a174664-9033-42f0-b32b-7577493cdc24/elements[39m
[35m[HTTP][39m [90m{"using":"xpath","value":"//*[@class = 'android.widget.Button' and (@text = 'Sign in' or . = 'Sign in') and @resource-id = 'com.microsoft.azure:id/SignInButton']"}[39m
[35m[HTTP][39m [37m<-- POST /wd/hub/session/9a174664-9033-42f0-b32b-7577493cdc24/elements [39m[32m200[39m [90m88 ms - 139[39m
[35m[HTTP][39m [90m[39m
[35m[HTTP][39m [37m-->[39m [37mGET[39m [37m/wd/hub/session/9a174664-9033-42f0-b32b-7577493cdc24/element/f8e8758d-0b65-423d-be75-8bf00666541d/location[39m
[35m[HTTP][39m [90m{}[39m
[35m[W3C (9a174664)][39m Driver proxy active, passing request on via HTTP proxy
[35m[WD Proxy][39m Replacing sessionId 7a61f2d7-a1f6-47f6-b1e7-eeb1e1d0f2c2 with 9a174664-9033-42f0-b32b-7577493cdc24
[35m[HTTP][39m [37m<-- GET /wd/hub/session/9a174664-9033-42f0-b32b-7577493cdc24/element/f8e8758d-0b65-423d-be75-8bf00666541d/location [39m[32m200[39m [90m31 ms - 78[39m
[35m[HTTP][39m [90m[39m
[35m[HTTP][39m [37m-->[39m [37mPOST[39m [37m/wd/hub/session/9a174664-9033-42f0-b32b-7577493cdc24/touch/perform[39m
[35m[HTTP][39m [90m{"actions":[{"action":"tap","options":{"x":1,"y":1,"element":"f8e8758d-0b65-423d-be75-8bf00666541d"}}]}[39m
[35m[UiAutomator2][39m calling get location: f8e8758d-0b65-423d-be75-8bf00666541d
[35m[HTTP][39m [37m<-- POST /wd/hub/session/9a174664-9033-42f0-b32b-7577493cdc24/touch/perform [39m[32m200[39m [90m225 ms - 14[39m
[35m[HTTP][39m [90m[39m
[35m[HTTP][39m [37m-->[39m [37mGET[39m [37m/wd/hub/session/9a174664-9033-42f0-b32b-7577493cdc24/source[39m
[35m[HTTP][39m [90m{}[39m
[35m[W3C (9a174664)][39m Driver proxy active, passing request on via HTTP proxy
[35m[WD Proxy][39m Replacing sessionId 7a61f2d7-a1f6-47f6-b1e7-eeb1e1d0f2c2 with 9a174664-9033-42f0-b32b-7577493cdc24
[35m[HTTP][39m [37m<-- GET /wd/hub/session/9a174664-9033-42f0-b32b-7577493cdc24/source [39m[32m200[39m [90m62 ms - 2337[39m
[35m[HTTP][39m [90m[39m
[35m[HTTP][39m [37m-->[39m [37mGET[39m [37m/wd/hub/session/9a174664-9033-42f0-b32b-7577493cdc24/screenshot[39m
[35m[HTTP][39m [90m{}[39m
[35m[HTTP][39m [37m<-- GET /wd/hub/session/9a174664-9033-42f0-b32b-7577493cdc24/screenshot [39m[32m200[39m [90m625 ms - 61186[39m
[35m[HTTP][39m [90m[39m
[35m[HTTP][39m [37m-->[39m [37mDELETE[39m [37m/wd/hub/session/9a174664-9033-42f0-b32b-7577493cdc24[39m
[35m[HTTP][39m [90m{}[39m
[35m[Appium][39m Removing session 9a174664-9033-42f0-b32b-7577493cdc24 from our master session list
[35m[UiAutomator2][39m Restoring hidden api policy to the device default configuration
[35m[HTTP][39m [37m<-- DELETE /wd/hub/session/9a174664-9033-42f0-b32b-7577493cdc24 [39m[32m200[39m [90m428 ms - 14[39m
[35m[HTTP][39m [90m[39m
